
── PHASE 0: INTERACTIVE SLURM REPRODUCIBILITY TEST (n5_ci) ─────────────────────
Purpose: fit via salloc to compare determinism with Phase 1 sbatch
Started at: 2026-05-26 06:21:12
Host: runnervmg397c
  R               R version 4.6.0 (2026-04-24)
  cmdstanr        0.9.0.9000
  posterior       1.7.0
  shigella        0.0.0.9009
  serodynamics    0.0.0.9054
  cmdstan         2.38.0

compile_dir: /tmp/runner/cmdstan_bin_phase0_n5_ci
existing files: 0
n_subjects: 5, rows: 50, true rho_B: 0.600
ℹ Using Stan file: '/home/runner/work/_temp/Library/shigella/stan/model_2.stan'
ℹ Compile output directory: '/tmp/runner/cmdstan_bin_phase0_n5_ci'
ℹ Compiling model_2 (or using cache)...
ℹ Sampling model_2 with 2 chains...
Running MCMC with 2 parallel chains...

Chain 1 Iteration:   1 / 1000 [  0%]  (Warmup) 
Chain 1 Informational Message: The current Metropolis proposal is about to be rejected because of the following issue:
Chain 1 Exception: lkj_corr_cholesky_lpdf: Random variable[5] is 0, but must be positive! (in '/tmp/Rtmpc5wkq7/model-1cf6798834be.stan', line 134, column 2 to column 43)
Chain 1 If this warning occurs sporadically, such as for highly constrained variable types like covariance matrices, then the sampler is fine,
Chain 1 but if this warning occurs often then your model may be either severely ill-conditioned or misspecified.
Chain 1 
Chain 1 Informational Message: The current Metropolis proposal is about to be rejected because of the following issue:
Chain 1 Exception: lkj_corr_cholesky_lpdf: Random variable[5] is 0, but must be positive! (in '/tmp/Rtmpc5wkq7/model-1cf6798834be.stan', line 134, column 2 to column 43)
Chain 1 If this warning occurs sporadically, such as for highly constrained variable types like covariance matrices, then the sampler is fine,
Chain 1 but if this warning occurs often then your model may be either severely ill-conditioned or misspecified.
Chain 1 
Chain 1 Informational Message: The current Metropolis proposal is about to be rejected because of the following issue:
Chain 1 Exception: lkj_corr_cholesky_lpdf: Random variable[2] is 0, but must be positive! (in '/tmp/Rtmpc5wkq7/model-1cf6798834be.stan', line 135, column 2 to column 47)
Chain 1 If this warning occurs sporadically, such as for highly constrained variable types like covariance matrices, then the sampler is fine,
Chain 1 but if this warning occurs often then your model may be either severely ill-conditioned or misspecified.
Chain 1 
Chain 1 Informational Message: The current Metropolis proposal is about to be rejected because of the following issue:
Chain 1 Exception: lkj_corr_cholesky_lpdf: Random variable[2] is 0, but must be positive! (in '/tmp/Rtmpc5wkq7/model-1cf6798834be.stan', line 135, column 2 to column 47)
Chain 1 If this warning occurs sporadically, such as for highly constrained variable types like covariance matrices, then the sampler is fine,
Chain 1 but if this warning occurs often then your model may be either severely ill-conditioned or misspecified.
Chain 1 
Chain 1 Informational Message: The current Metropolis proposal is about to be rejected because of the following issue:
Chain 1 Exception: lkj_corr_cholesky_lpdf: Random variable[2] is 0, but must be positive! (in '/tmp/Rtmpc5wkq7/model-1cf6798834be.stan', line 133, column 2 to column 43)
Chain 1 If this warning occurs sporadically, such as for highly constrained variable types like covariance matrices, then the sampler is fine,
Chain 1 but if this warning occurs often then your model may be either severely ill-conditioned or misspecified.
Chain 1 
Chain 1 Informational Message: The current Metropolis proposal is about to be rejected because of the following issue:
Chain 1 Exception: lkj_corr_cholesky_lpdf: Random variable[2] is 0, but must be positive! (in '/tmp/Rtmpc5wkq7/model-1cf6798834be.stan', line 135, column 2 to column 47)
Chain 1 If this warning occurs sporadically, such as for highly constrained variable types like covariance matrices, then the sampler is fine,
Chain 1 but if this warning occurs often then your model may be either severely ill-conditioned or misspecified.
Chain 1 
Chain 1 Informational Message: The current Metropolis proposal is about to be rejected because of the following issue:
Chain 1 Exception: multi_normal_cholesky_lpdf: Location parameter[1] is -inf, but must be finite! (in '/tmp/Rtmpc5wkq7/model-1cf6798834be.stan', line 171, column 8 to column 63)
Chain 1 If this warning occurs sporadically, such as for highly constrained variable types like covariance matrices, then the sampler is fine,
Chain 1 but if this warning occurs often then your model may be either severely ill-conditioned or misspecified.
Chain 1 
Chain 1 Informational Message: The current Metropolis proposal is about to be rejected because of the following issue:
Chain 1 Exception: multi_normal_cholesky_lpdf: Location parameter[1] is -inf, but must be finite! (in '/tmp/Rtmpc5wkq7/model-1cf6798834be.stan', line 171, column 8 to column 63)
Chain 1 If this warning occurs sporadically, such as for highly constrained variable types like covariance matrices, then the sampler is fine,
Chain 1 but if this warning occurs often then your model may be either severely ill-conditioned or misspecified.
Chain 1 
Chain 1 Informational Message: The current Metropolis proposal is about to be rejected because of the following issue:
Chain 1 Exception: multi_normal_cholesky_lpdf: Location parameter[2] is -inf, but must be finite! (in '/tmp/Rtmpc5wkq7/model-1cf6798834be.stan', line 171, column 8 to column 63)
Chain 1 If this warning occurs sporadically, such as for highly constrained variable types like covariance matrices, then the sampler is fine,
Chain 1 but if this warning occurs often then your model may be either severely ill-conditioned or misspecified.
Chain 1 
Chain 2 Iteration:   1 / 1000 [  0%]  (Warmup) 
Chain 2 Informational Message: The current Metropolis proposal is about to be rejected because of the following issue:
Chain 2 Exception: lkj_corr_cholesky_lpdf: Random variable[2] is 0, but must be positive! (in '/tmp/Rtmpc5wkq7/model-1cf6798834be.stan', line 135, column 2 to column 47)
Chain 2 If this warning occurs sporadically, such as for highly constrained variable types like covariance matrices, then the sampler is fine,
Chain 2 but if this warning occurs often then your model may be either severely ill-conditioned or misspecified.
Chain 2 
Chain 2 Informational Message: The current Metropolis proposal is about to be rejected because of the following issue:
Chain 2 Exception: lkj_corr_cholesky_lpdf: Random variable[2] is 0, but must be positive! (in '/tmp/Rtmpc5wkq7/model-1cf6798834be.stan', line 135, column 2 to column 47)
Chain 2 If this warning occurs sporadically, such as for highly constrained variable types like covariance matrices, then the sampler is fine,
Chain 2 but if this warning occurs often then your model may be either severely ill-conditioned or misspecified.
Chain 2 
Chain 2 Informational Message: The current Metropolis proposal is about to be rejected because of the following issue:
Chain 2 Exception: lkj_corr_cholesky_lpdf: Random variable[2] is 0, but must be positive! (in '/tmp/Rtmpc5wkq7/model-1cf6798834be.stan', line 135, column 2 to column 47)
Chain 2 If this warning occurs sporadically, such as for highly constrained variable types like covariance matrices, then the sampler is fine,
Chain 2 but if this warning occurs often then your model may be either severely ill-conditioned or misspecified.
Chain 2 
Chain 2 Informational Message: The current Metropolis proposal is about to be rejected because of the following issue:
Chain 2 Exception: lkj_corr_cholesky_lpdf: Random variable[2] is 0, but must be positive! (in '/tmp/Rtmpc5wkq7/model-1cf6798834be.stan', line 135, column 2 to column 47)
Chain 2 If this warning occurs sporadically, such as for highly constrained variable types like covariance matrices, then the sampler is fine,
Chain 2 but if this warning occurs often then your model may be either severely ill-conditioned or misspecified.
Chain 2 
Chain 2 Informational Message: The current Metropolis proposal is about to be rejected because of the following issue:
Chain 2 Exception: lkj_corr_cholesky_lpdf: Random variable[2] is 0, but must be positive! (in '/tmp/Rtmpc5wkq7/model-1cf6798834be.stan', line 133, column 2 to column 43)
Chain 2 If this warning occurs sporadically, such as for highly constrained variable types like covariance matrices, then the sampler is fine,
Chain 2 but if this warning occurs often then your model may be either severely ill-conditioned or misspecified.
Chain 2 
Chain 2 Informational Message: The current Metropolis proposal is about to be rejected because of the following issue:
Chain 2 Exception: lkj_corr_cholesky_lpdf: Random variable[2] is 0, but must be positive! (in '/tmp/Rtmpc5wkq7/model-1cf6798834be.stan', line 135, column 2 to column 47)
Chain 2 If this warning occurs sporadically, such as for highly constrained variable types like covariance matrices, then the sampler is fine,
Chain 2 but if this warning occurs often then your model may be either severely ill-conditioned or misspecified.
Chain 2 
Chain 1 Informational Message: The current Metropolis proposal is about to be rejected because of the following issue:
Chain 1 Exception: multi_normal_cholesky_lpdf: Location parameter[2] is -inf, but must be finite! (in '/tmp/Rtmpc5wkq7/model-1cf6798834be.stan', line 171, column 8 to column 63)
Chain 1 If this warning occurs sporadically, such as for highly constrained variable types like covariance matrices, then the sampler is fine,
Chain 1 but if this warning occurs often then your model may be either severely ill-conditioned or misspecified.
Chain 1 
Chain 1 Iteration: 100 / 1000 [ 10%]  (Warmup) 
Chain 2 Iteration: 100 / 1000 [ 10%]  (Warmup) 
Chain 1 Iteration: 200 / 1000 [ 20%]  (Warmup) 
Chain 1 Iteration: 300 / 1000 [ 30%]  (Warmup) 
Chain 1 Iteration: 400 / 1000 [ 40%]  (Warmup) 
Chain 2 Iteration: 200 / 1000 [ 20%]  (Warmup) 
Chain 1 Iteration: 500 / 1000 [ 50%]  (Warmup) 
Chain 1 Iteration: 501 / 1000 [ 50%]  (Sampling) 
Chain 1 Iteration: 600 / 1000 [ 60%]  (Sampling) 
Chain 1 Iteration: 700 / 1000 [ 70%]  (Sampling) 
Chain 1 Iteration: 800 / 1000 [ 80%]  (Sampling) 
Chain 2 Iteration: 300 / 1000 [ 30%]  (Warmup) 
Chain 1 Iteration: 900 / 1000 [ 90%]  (Sampling) 
Chain 1 Iteration: 1000 / 1000 [100%]  (Sampling) 
Chain 1 finished in 51.4 seconds.
Chain 2 Iteration: 400 / 1000 [ 40%]  (Warmup) 
Chain 2 Iteration: 500 / 1000 [ 50%]  (Warmup) 
Chain 2 Iteration: 501 / 1000 [ 50%]  (Sampling) 
Chain 2 Iteration: 600 / 1000 [ 60%]  (Sampling) 
Chain 2 Iteration: 700 / 1000 [ 70%]  (Sampling) 
Chain 2 Iteration: 800 / 1000 [ 80%]  (Sampling) 
Chain 2 Iteration: 900 / 1000 [ 90%]  (Sampling) 
Chain 2 Iteration: 1000 / 1000 [100%]  (Sampling) 
Chain 2 finished in 153.1 seconds.

Both chains finished successfully.
Mean chain execution time: 102.3 seconds.
Total execution time: 153.2 seconds.

Warning: 6 of 1000 (1.0%) transitions ended with a divergence.
See https://mc-stan.org/misc/warnings for details.

Warning: 500 of 1000 (50.0%) transitions hit the maximum treedepth limit of 12.
See https://mc-stan.org/misc/warnings for details.

Fit elapsed: 2.93 min
Warning: 6 of 1000 (1.0%) transitions ended with a divergence.
See https://mc-stan.org/misc/warnings for details.

Warning: 500 of 1000 (50.0%) transitions hit the maximum treedepth limit of 12.
See https://mc-stan.org/misc/warnings for details.

Omega_B[1,2] posterior summary:
# A tibble: 1 × 8
  variable     median  mean    sd `2.5%` `97.5%` ess_bulk  rhat
  <chr>         <dbl> <dbl> <dbl>  <dbl>   <dbl>    <dbl> <dbl>
1 Omega_B[1,2]  0.230 0.155 0.264 -0.516   0.603     15.6  1.77
saved -> outputs/ci/phase0_n5_run26435798026/one_fit_n5_ci.rds

── PHASE 0 RESULT SUMMARY ──────────────────────────────────────────────────────
Status: OK
Elapsed: 2.93 min
True rho_B: +0.600
Recovered median: +0.230 [-0.516, 0.603]
ESS_bulk: 16
R-hat: 1.766
Divergent: 6 / 1000
Max-treedepth hits: 500 / 1000

── NEXT STEP ──

1. Inspect outputs/ci/phase0_n5_run26435798026/one_fit_n5_ci.rds +
logs/phase0/*.log
2. If divergent rate <= 5% AND R-hat <= 1.01:
-> Proceed to Phase 1 (sbatch slurm/phase1_single.sbatch)
3. If divergent rate > 10% OR R-hat > 1.02:
-> Skip Phase 1-3, jump to Phase 4 diagnosis.
=== SUMMARY.txt ===
RUN_ID: 26435798026
N: 5
ITER_WARMUP: 500
ITER_SAMPLING: 500
CHAINS: 2
STATUS: OK
ELAPSED_MIN: 2.93
TRUE_RHO_B: +0.600
POST_MEDIAN_RHO_B: +0.230
POST_LO_2.5: -0.516
POST_HI_97.5: +0.603
ESS_BULK: 16
RHAT: 1.766
DIVERGENT: 6 / 1000
TREEDEPTH: 500 / 1000
VERDICT: PATHOLOGICAL

=== End SUMMARY.txt ===
