
── PHASE 0: INTERACTIVE SLURM REPRODUCIBILITY TEST (n5_ci) ─────────────────────
Purpose: fit via salloc to compare determinism with Phase 1 sbatch
Started at: 2026-05-28 02:50:39
Host: runnervm3jyl0
  R               R version 4.6.0 (2026-04-24)
  cmdstanr        0.9.0.9000
  posterior       1.7.0
  shigella        0.0.0.9009
  serodynamics    0.0.0.9055
  cmdstan         2.38.0

compile_dir: /tmp/runner/cmdstan_bin_phase0_n5_ci
existing files: 0
n_subjects: 5, rows: 50, true rho_B: 0.600
ℹ Using Stan file: '/home/runner/work/_temp/Library/shigella/stan/model_2.stan'
ℹ Compile output directory: '/tmp/runner/cmdstan_bin_phase0_n5_ci'
ℹ Compiling model_2 (or using cache)...
ℹ Sampling model_2 with 2 chains...
Running MCMC with 2 parallel chains...

Chain 1 Iteration:   1 / 1000 [  0%]  (Warmup) 
Chain 1 Informational Message: The current Metropolis proposal is about to be rejected because of the following issue:
Chain 1 Exception: lkj_corr_cholesky_lpdf: Random variable[5] is 0, but must be positive! (in '/tmp/RtmptqsCBe/model-1a91408b3c73.stan', line 134, column 2 to column 43)
Chain 1 If this warning occurs sporadically, such as for highly constrained variable types like covariance matrices, then the sampler is fine,
Chain 1 but if this warning occurs often then your model may be either severely ill-conditioned or misspecified.
Chain 1 
Chain 1 Informational Message: The current Metropolis proposal is about to be rejected because of the following issue:
Chain 1 Exception: lkj_corr_cholesky_lpdf: Random variable[5] is 0, but must be positive! (in '/tmp/RtmptqsCBe/model-1a91408b3c73.stan', line 134, column 2 to column 43)
Chain 1 If this warning occurs sporadically, such as for highly constrained variable types like covariance matrices, then the sampler is fine,
Chain 1 but if this warning occurs often then your model may be either severely ill-conditioned or misspecified.
Chain 1 
Chain 1 Informational Message: The current Metropolis proposal is about to be rejected because of the following issue:
Chain 1 Exception: lkj_corr_cholesky_lpdf: Random variable[2] is 0, but must be positive! (in '/tmp/RtmptqsCBe/model-1a91408b3c73.stan', line 135, column 2 to column 47)
Chain 1 If this warning occurs sporadically, such as for highly constrained variable types like covariance matrices, then the sampler is fine,
Chain 1 but if this warning occurs often then your model may be either severely ill-conditioned or misspecified.
Chain 1 
Chain 1 Informational Message: The current Metropolis proposal is about to be rejected because of the following issue:
Chain 1 Exception: lkj_corr_cholesky_lpdf: Random variable[2] is 0, but must be positive! (in '/tmp/RtmptqsCBe/model-1a91408b3c73.stan', line 135, column 2 to column 47)
Chain 1 If this warning occurs sporadically, such as for highly constrained variable types like covariance matrices, then the sampler is fine,
Chain 1 but if this warning occurs often then your model may be either severely ill-conditioned or misspecified.
Chain 1 
Chain 1 Informational Message: The current Metropolis proposal is about to be rejected because of the following issue:
Chain 1 Exception: lkj_corr_cholesky_lpdf: Random variable[2] is 0, but must be positive! (in '/tmp/RtmptqsCBe/model-1a91408b3c73.stan', line 133, column 2 to column 43)
Chain 1 If this warning occurs sporadically, such as for highly constrained variable types like covariance matrices, then the sampler is fine,
Chain 1 but if this warning occurs often then your model may be either severely ill-conditioned or misspecified.
Chain 1 
Chain 1 Informational Message: The current Metropolis proposal is about to be rejected because of the following issue:
Chain 1 Exception: lkj_corr_cholesky_lpdf: Random variable[2] is 0, but must be positive! (in '/tmp/RtmptqsCBe/model-1a91408b3c73.stan', line 135, column 2 to column 47)
Chain 1 If this warning occurs sporadically, such as for highly constrained variable types like covariance matrices, then the sampler is fine,
Chain 1 but if this warning occurs often then your model may be either severely ill-conditioned or misspecified.
Chain 1 
Chain 2 Iteration:   1 / 1000 [  0%]  (Warmup) 
Chain 2 Informational Message: The current Metropolis proposal is about to be rejected because of the following issue:
Chain 2 Exception: lkj_corr_cholesky_lpdf: Random variable[2] is 0, but must be positive! (in '/tmp/RtmptqsCBe/model-1a91408b3c73.stan', line 135, column 2 to column 47)
Chain 2 If this warning occurs sporadically, such as for highly constrained variable types like covariance matrices, then the sampler is fine,
Chain 2 but if this warning occurs often then your model may be either severely ill-conditioned or misspecified.
Chain 2 
Chain 2 Informational Message: The current Metropolis proposal is about to be rejected because of the following issue:
Chain 2 Exception: lkj_corr_cholesky_lpdf: Random variable[2] is 0, but must be positive! (in '/tmp/RtmptqsCBe/model-1a91408b3c73.stan', line 135, column 2 to column 47)
Chain 2 If this warning occurs sporadically, such as for highly constrained variable types like covariance matrices, then the sampler is fine,
Chain 2 but if this warning occurs often then your model may be either severely ill-conditioned or misspecified.
Chain 2 
Chain 2 Informational Message: The current Metropolis proposal is about to be rejected because of the following issue:
Chain 2 Exception: lkj_corr_cholesky_lpdf: Random variable[2] is 0, but must be positive! (in '/tmp/RtmptqsCBe/model-1a91408b3c73.stan', line 135, column 2 to column 47)
Chain 2 If this warning occurs sporadically, such as for highly constrained variable types like covariance matrices, then the sampler is fine,
Chain 2 but if this warning occurs often then your model may be either severely ill-conditioned or misspecified.
Chain 2 
Chain 2 Informational Message: The current Metropolis proposal is about to be rejected because of the following issue:
Chain 2 Exception: lkj_corr_cholesky_lpdf: Random variable[2] is 0, but must be positive! (in '/tmp/RtmptqsCBe/model-1a91408b3c73.stan', line 135, column 2 to column 47)
Chain 2 If this warning occurs sporadically, such as for highly constrained variable types like covariance matrices, then the sampler is fine,
Chain 2 but if this warning occurs often then your model may be either severely ill-conditioned or misspecified.
Chain 2 
Chain 2 Informational Message: The current Metropolis proposal is about to be rejected because of the following issue:
Chain 2 Exception: lkj_corr_cholesky_lpdf: Random variable[2] is 0, but must be positive! (in '/tmp/RtmptqsCBe/model-1a91408b3c73.stan', line 133, column 2 to column 43)
Chain 2 If this warning occurs sporadically, such as for highly constrained variable types like covariance matrices, then the sampler is fine,
Chain 2 but if this warning occurs often then your model may be either severely ill-conditioned or misspecified.
Chain 2 
Chain 2 Informational Message: The current Metropolis proposal is about to be rejected because of the following issue:
Chain 2 Exception: lkj_corr_cholesky_lpdf: Random variable[2] is 0, but must be positive! (in '/tmp/RtmptqsCBe/model-1a91408b3c73.stan', line 135, column 2 to column 47)
Chain 2 If this warning occurs sporadically, such as for highly constrained variable types like covariance matrices, then the sampler is fine,
Chain 2 but if this warning occurs often then your model may be either severely ill-conditioned or misspecified.
Chain 2 
Chain 2 Iteration: 100 / 1000 [ 10%]  (Warmup) 
Chain 2 Informational Message: The current Metropolis proposal is about to be rejected because of the following issue:
Chain 2 Exception: lkj_corr_cholesky_lpdf: Random variable[3] is 0, but must be positive! (in '/tmp/RtmptqsCBe/model-1a91408b3c73.stan', line 134, column 2 to column 43)
Chain 2 If this warning occurs sporadically, such as for highly constrained variable types like covariance matrices, then the sampler is fine,
Chain 2 but if this warning occurs often then your model may be either severely ill-conditioned or misspecified.
Chain 2 
Chain 1 Iteration: 100 / 1000 [ 10%]  (Warmup) 
Chain 1 Informational Message: The current Metropolis proposal is about to be rejected because of the following issue:
Chain 1 Exception: multi_normal_cholesky_lpdf: Location parameter[2] is -inf, but must be finite! (in '/tmp/RtmptqsCBe/model-1a91408b3c73.stan', line 171, column 8 to column 63)
Chain 1 If this warning occurs sporadically, such as for highly constrained variable types like covariance matrices, then the sampler is fine,
Chain 1 but if this warning occurs often then your model may be either severely ill-conditioned or misspecified.
Chain 1 
Chain 2 Informational Message: The current Metropolis proposal is about to be rejected because of the following issue:
Chain 2 Exception: lkj_corr_cholesky_lpdf: Random variable[3] is 0, but must be positive! (in '/tmp/RtmptqsCBe/model-1a91408b3c73.stan', line 134, column 2 to column 43)
Chain 2 If this warning occurs sporadically, such as for highly constrained variable types like covariance matrices, then the sampler is fine,
Chain 2 but if this warning occurs often then your model may be either severely ill-conditioned or misspecified.
Chain 2 
Chain 2 Iteration: 200 / 1000 [ 20%]  (Warmup) 
Chain 1 Iteration: 200 / 1000 [ 20%]  (Warmup) 
Chain 1 Iteration: 300 / 1000 [ 30%]  (Warmup) 
Chain 1 Iteration: 400 / 1000 [ 40%]  (Warmup) 
Chain 1 Iteration: 500 / 1000 [ 50%]  (Warmup) 
Chain 1 Iteration: 501 / 1000 [ 50%]  (Sampling) 
Chain 1 Iteration: 600 / 1000 [ 60%]  (Sampling) 
Chain 1 Iteration: 700 / 1000 [ 70%]  (Sampling) 
Chain 1 Iteration: 800 / 1000 [ 80%]  (Sampling) 
Chain 1 Iteration: 900 / 1000 [ 90%]  (Sampling) 
Chain 1 Iteration: 1000 / 1000 [100%]  (Sampling) 
Chain 1 finished in 9472.1 seconds.
Chain 2 Iteration: 300 / 1000 [ 30%]  (Warmup) 
Chain 2 Iteration: 400 / 1000 [ 40%]  (Warmup) 
Chain 2 Iteration: 500 / 1000 [ 50%]  (Warmup) 
Chain 2 Iteration: 501 / 1000 [ 50%]  (Sampling) 
